<?xml version="1.0" encoding="UTF-8"?>
<!-- Generated by org.testng.reporters.JUnitReportReporter -->
<testsuite skipped="0" hostname="ATMECSINDT-053" name="com.atmecsweb.mediapage.MediaPage" tests="1" failures="0" timestamp="30 Jul 2019 11:14:40 GMT" time="11.502" errors="0">
  <testcase name="NewsNavigation" time="11.502" classname="com.atmecsweb.mediapage.MediaPage"/>
</testsuite> <!-- com.atmecsweb.mediapage.MediaPage -->
