<?xml version="1.0" encoding="UTF-8"?>
<!-- Generated by org.testng.reporters.JUnitReportReporter -->
<testsuite skipped="0" hostname="ATMECSINDT-053" name="com.atmecs.qa.testscript.EventsPageTest" tests="1" failures="0" timestamp="05 Aug 2019 08:23:22 GMT" time="15.958" errors="0">
  <testcase name="ForwardandBackwardvalidateSlides" time="15.958" classname="com.atmecs.qa.testscript.EventsPageTest"/>
</testsuite> <!-- com.atmecs.qa.testscript.EventsPageTest -->
