<?xml version="1.0" encoding="UTF-8"?>
<!-- Generated by org.testng.reporters.JUnitReportReporter -->
<testsuite skipped="0" hostname="ATMECSINDT-053" name="com.atmecs.qa.testscript.EventsPageTest" tests="1" failures="0" timestamp="02 Aug 2019 08:10:20 GMT" time="12.192" errors="0">
  <testcase name="ForwardandBackwardvalidateSlides" time="12.192" classname="com.atmecs.qa.testscript.EventsPageTest"/>
</testsuite> <!-- com.atmecs.qa.testscript.EventsPageTest -->
