<?xml version="1.0" encoding="UTF-8"?>
<!-- Generated by org.testng.reporters.JUnitReportReporter -->
<testsuite skipped="0" hostname="ATMECSINDT-053" name="com.atmecs.qa.testbase.Base" tests="1" failures="0" timestamp="31 Jul 2019 15:15:20 GMT" time="12.287" errors="0">
  <testcase name="openBrowser" time="12.287" classname="com.atmecs.qa.testbase.Base"/>
</testsuite> <!-- com.atmecs.qa.testbase.Base -->
