<?xml version="1.0" encoding="UTF-8"?>
<!-- Generated by org.testng.reporters.JUnitReportReporter -->
<testsuite skipped="0" hostname="ATMECSINDT-053" name="com.atmecs.qa.testscript.EventsPageTest" tests="1" failures="0" timestamp="06 Aug 2019 08:38:36 GMT" time="17.000" errors="0">
  <testcase name="ForwardandBackwardvalidateSlides" time="17.000" classname="com.atmecs.qa.testscript.EventsPageTest"/>
</testsuite> <!-- com.atmecs.qa.testscript.EventsPageTest -->
