<?xml version="1.0" encoding="UTF-8"?>
<!-- Generated by org.testng.reporters.JUnitReportReporter -->
<testsuite skipped="0" hostname="ATMECSINDT-053" name="com.atmecs.qa.testscript.CSRpageTest" tests="5" failures="0" timestamp="02 Aug 2019 12:26:55 GMT" time="32.430" errors="0">
  <testcase name="validateAllHyperLinkCount" time="6.627" classname="com.atmecs.qa.testscript.CSRpageTest"/>
  <testcase name="checkingdavLink" time="3.888" classname="com.atmecs.qa.testscript.CSRpageTest"/>
  <testcase name="checkingsjudeLink" time="3.637" classname="com.atmecs.qa.testscript.CSRpageTest"/>
  <testcase name="checkingSCFLink" time="3.862" classname="com.atmecs.qa.testscript.CSRpageTest"/>
  <testcase name="checkingHFHLink" time="14.416" classname="com.atmecs.qa.testscript.CSRpageTest"/>
</testsuite> <!-- com.atmecs.qa.testscript.CSRpageTest -->
