<?xml version="1.0" encoding="UTF-8"?>
<!-- Generated by org.testng.reporters.JUnitReportReporter -->
<testsuite skipped="0" hostname="ATMECSINDT-053" name="com.atmecs.qa.testscript.NewsPageTest" tests="2" failures="0" timestamp="05 Aug 2019 08:23:22 GMT" time="55.438" errors="0">
  <testcase name="validatingWatchMoreBtn" time="0.391" classname="com.atmecs.qa.testscript.NewsPageTest"/>
  <testcase name="validatingAllReadMore" time="55.047" classname="com.atmecs.qa.testscript.NewsPageTest"/>
</testsuite> <!-- com.atmecs.qa.testscript.NewsPageTest -->
