<?xml version="1.0" encoding="UTF-8"?>
<!-- Generated by org.testng.reporters.JUnitReportReporter -->
<testsuite skipped="0" hostname="ATMECSINDT-053" name="com.atmecs.qa.testscript.ClientAchievementPageTest" tests="2" failures="0" timestamp="06 Aug 2019 08:38:36 GMT" time="77.862" errors="0">
  <testcase name="validatingAllHeaderContent" time="4.749" classname="com.atmecs.qa.testscript.ClientAchievementPageTest"/>
  <testcase name="validatingReadmore" time="73.113" classname="com.atmecs.qa.testscript.ClientAchievementPageTest"/>
</testsuite> <!-- com.atmecs.qa.testscript.ClientAchievementPageTest -->
