<?xml version="1.0" encoding="UTF-8"?>
<!-- Generated by org.testng.reporters.JUnitReportReporter -->
<testsuite skipped="0" hostname="ATMECSINDT-053" name="com.atmecs.qa.testscript.NewsPageTest" tests="2" failures="0" timestamp="06 Aug 2019 09:35:15 GMT" time="40.919" errors="0">
  <testcase name="validatingWatchMoreBtn" time="2.829" classname="com.atmecs.qa.testscript.NewsPageTest"/>
  <testcase name="validatingAllReadMore" time="38.090" classname="com.atmecs.qa.testscript.NewsPageTest"/>
</testsuite> <!-- com.atmecs.qa.testscript.NewsPageTest -->
