<?xml version="1.0" encoding="UTF-8"?>
<!-- Generated by org.testng.reporters.JUnitReportReporter -->
<testsuite skipped="0" hostname="ATMECSINDT-053" name="com.atmecs.qa.testscript.NewsPageTest" tests="1" failures="0" timestamp="02 Aug 2019 08:10:20 GMT" time="19.827" errors="0">
  <testcase name="checkingWatchMoreFn" time="19.827" classname="com.atmecs.qa.testscript.NewsPageTest"/>
</testsuite> <!-- com.atmecs.qa.testscript.NewsPageTest -->
